#
# A fatal error has been detected by the Java Runtime Environment:
#
#  SIGSEGV (0xb) at pc=0x0000000102a165e2, pid=640, tid=32527
#
# JRE version: Java(TM) SE Runtime Environment (8.0_40-b27) (build 1.8.0_40-b27)
# Java VM: Java HotSpot(TM) 64-Bit Server VM (25.40-b25 mixed mode bsd-amd64 compressed oops)
# Problematic frame:
# V  [libjvm.dylib+0x3b35e2]
#
# Failed to write core dump. Core dumps have been disabled. To enable core dumping, try "ulimit -c unlimited" before starting Java again
#
# If you would like to submit a bug report, please visit:
#   http://bugreport.java.com/bugreport/crash.jsp
#

---------------  T H R E A D  ---------------

Current thread (0x00007f8744354800):  JavaThread "Daemon worker Thread 6" [_thread_in_vm, id=32527, stack(0x00007000013d6000,0x00007000014d6000)]

siginfo: si_signo: 11 (SIGSEGV), si_code: 1 (SEGV_MAPERR), si_addr: 0x000000000000009d

Registers:
RAX=0x79003451f91d5594, RBX=0x0000000000000001, RCX=0x0101010101010101, RDX=0x000000011aac9928
RSP=0x00007000014d15a0, RBP=0x00007000014d17f0, RSI=0x0000000000000000, RDI=0x00007000014d1810
R8 =0x00000007c03686d0, R9 =0x0000000000000001, R10=0x0000000102f33a80, R11=0x000000010372c600
R12=0x00007000014d1a18, R13=0x00007f8744354800, R14=0x00000007c03686d0, R15=0x0000000000000000
RIP=0x0000000102a165e2, EFLAGS=0x0000000000010206, ERR=0x0000000000000004
  TRAPNO=0x000000000000000e

Top of Stack: (sp=0x00007000014d15a0)
0x00007000014d15a0:   00007000014d15d0 0000000102aabb9b
0x00007000014d15b0:   00007000014d15f0 0000000102aae648
0x00007000014d15c0:   00007f8744354800 00000007c0362eb8
0x00007000014d15d0:   00007f874701a240 00007f874701a240
0x00007000014d15e0:   0000000000000000 000000010465d180
0x00007000014d15f0:   00007000014d1630 0000000102818fed
0x00007000014d1600:   00007000014d1620 00007f8741502050
0x00007000014d1610:   00007000014d16c8 0000000103f68674
0x00007000014d1620:   00007f874701a240 00007f8744354800
0x00007000014d1630:   00007000014d1690 00000001028191d4
0x00007000014d1640:   0000000103f68000 0000000103f688c0
0x00007000014d1650:   0000000103f68998 0000000102f0f7d0
0x00007000014d1660:   00007000014d1680 00007f8741503150
0x00007000014d1670:   00007000014d1690 0000000102b1777b
0x00007000014d1680:   00007f8741503150 00007f8741503150
0x00007000014d1690:   00007000014d1e20 0000000102b2b8f8
0x00007000014d16a0:   00000007c017f678 0000000100000000
0x00007000014d16b0:   00007f8744354800 00007000014d1e48
0x00007000014d16c0:   0000000103f67e10 000000010465d180
0x00007000014d16d0:   00000007c0362eb8 0000000000000000
0x00007000014d16e0:   000070001aa1b028 0000000000000000
0x00007000014d16f0:   0000000000000000 00007f871aa007c8
0x00007000014d1700:   000000011aaa0c70 00007f8744354800
0x00007000014d1710:   000000b61aa007c8 00000007c035a4c0
0x00007000014d1720:   00000007c0362eb8 000000011aaa0c70
0x00007000014d1730:   00007f8744354800 000000011aaa0c70
0x00007000014d1740:   00007f8744354800 0000000700000001
0x00007000014d1750:   0000000000000000 0000000000000000
0x00007000014d1760:   0000000000000000 0000000103f68674
0x00007000014d1770:   0000000103f67e10 0000000100000000
0x00007000014d1780:   00007000014d2380 00007f8744354800
0x00007000014d1790:   00007000014d17c0 00007f8744354800 

Instructions: (pc=0x0000000102a165e2)
0x0000000102a165c2:   89 e5 41 57 41 56 41 55 41 54 53 48 81 ec 28 02
0x0000000102a165d2:   00 00 48 8b 05 05 1c 43 00 48 8b 00 48 89 45 d0
0x0000000102a165e2:   f6 86 9d 00 00 00 02 48 8b 5d 10 4d 89 c6 49 89
0x0000000102a165f2:   f7 49 89 fc 75 23 48 89 5c 24 08 c7 04 24 00 00 

Register to memory mapping:

RAX=0x79003451f91d5594 is an unknown value
RBX=0x0000000000000001 is an unknown value
RCX=0x0101010101010101 is an unknown value
RDX=0x000000011aac9928 is pointing into metadata
RSP=0x00007000014d15a0 is pointing into the stack for thread: 0x00007f8744354800
RBP=0x00007000014d17f0 is pointing into the stack for thread: 0x00007f8744354800
RSI=0x0000000000000000 is an unknown value
RDI=0x00007000014d1810 is pointing into the stack for thread: 0x00007f8744354800
R8 =0x00000007c03686d0 is pointing into metadata
R9 =0x0000000000000001 is an unknown value
R10=0x0000000102f33a80: _ZN19TemplateInterpreter13_active_tableE+0x3800 in /Library/Java/JavaVirtualMachines/jdk1.8.0_40.jdk/Contents/Home/jre/lib/server/libjvm.dylib at 0x0000000102663000
R11=0x000000010372c600 is at entry_point+32 in (nmethod*)0x000000010372c490
R12=0x00007000014d1a18 is pointing into the stack for thread: 0x00007f8744354800
R13=0x00007f8744354800 is a thread
R14=0x00000007c03686d0 is pointing into metadata
R15=0x0000000000000000 is an unknown value


Stack: [0x00007000013d6000,0x00007000014d6000],  sp=0x00007000014d15a0,  free space=1005k
Native frames: (J=compiled Java code, j=interpreted, Vv=VM code, C=native code)
V  [libjvm.dylib+0x3b35e2]
V  [libjvm.dylib+0x3b6d23]
V  [libjvm.dylib+0x3b6efa]
V  [libjvm.dylib+0x3b7412]
V  [libjvm.dylib+0x2da819]
j  org.gradle.api.internal.project.taskfactory.AnnotationProcessingTaskFactory.<init>(Lorg/gradle/api/internal/project/taskfactory/ITaskFactory;)V+10
j  org.gradle.internal.service.scopes.BuildScopeServices.createITaskFactory()Lorg/gradle/api/internal/project/taskfactory/ITaskFactory;+25
v  ~StubRoutines::call_stub
V  [libjvm.dylib+0x2e036e]
V  [libjvm.dylib+0x4b4152]
V  [libjvm.dylib+0x4b466c]
V  [libjvm.dylib+0x330544]
J 1603  sun.reflect.NativeMethodAccessorImpl.invoke0(Ljava/lang/reflect/Method;Ljava/lang/Object;[Ljava/lang/Object;)Ljava/lang/Object; (0 bytes) @ 0x0000000103b6332d [0x0000000103b63240+0xed]
J 13806 C2 sun.reflect.NativeMethodAccessorImpl.invoke(Ljava/lang/Object;[Ljava/lang/Object;)Ljava/lang/Object; (104 bytes) @ 0x0000000104f23bb4 [0x0000000104f23b40+0x74]

Java frames: (J=compiled Java code, j=interpreted, Vv=VM code)
j  org.gradle.api.internal.project.taskfactory.AnnotationProcessingTaskFactory.<init>(Lorg/gradle/api/internal/project/taskfactory/ITaskFactory;)V+10
j  org.gradle.internal.service.scopes.BuildScopeServices.createITaskFactory()Lorg/gradle/api/internal/project/taskfactory/ITaskFactory;+25
v  ~StubRoutines::call_stub
J 1603  sun.reflect.NativeMethodAccessorImpl.invoke0(Ljava/lang/reflect/Method;Ljava/lang/Object;[Ljava/lang/Object;)Ljava/lang/Object; (0 bytes) @ 0x0000000103b632b7 [0x0000000103b63240+0x77]
J 13806 C2 sun.reflect.NativeMethodAccessorImpl.invoke(Ljava/lang/Object;[Ljava/lang/Object;)Ljava/lang/Object; (104 bytes) @ 0x0000000104f23bb4 [0x0000000104f23b40+0x74]
J 11402 C2 org.gradle.internal.service.DefaultServiceRegistry$SingletonService.get()Ljava/lang/Object; (5 bytes) @ 0x00000001054d52ac [0x00000001054d5080+0x22c]
J 9955 C2 org.gradle.internal.service.DefaultServiceRegistry.doGet(Ljava/lang/reflect/Type;)Ljava/lang/Object; (102 bytes) @ 0x0000000103e9773c [0x0000000103e96bc0+0xb7c]
J 3360 C1 org.gradle.internal.service.DefaultServiceRegistry$ParentServices.getService(Lorg/gradle/internal/service/DefaultServiceRegistry$LookupContext;Lorg/gradle/internal/service/DefaultServiceRegistry$TypeSpec;)Lorg/gradle/internal/service/DefaultServiceRegistry$ServiceProvider; (82 bytes) @ 0x000000010412fe6c [0x000000010412fc20+0x24c]
J 14481 C2 org.gradle.internal.service.DefaultServiceRegistry$CompositeProvider.getService(Lorg/gradle/internal/service/DefaultServiceRegistry$LookupContext;Lorg/gradle/internal/service/DefaultServiceRegistry$TypeSpec;)Lorg/gradle/internal/service/DefaultServiceRegistry$ServiceProvider; (54 bytes) @ 0x0000000105c1c6f8 [0x0000000105c1c5c0+0x138]
J 9955 C2 org.gradle.internal.service.DefaultServiceRegistry.doGet(Ljava/lang/reflect/Type;)Ljava/lang/Object; (102 bytes) @ 0x0000000103e972f4 [0x0000000103e96bc0+0x734]
J 3360 C1 org.gradle.internal.service.DefaultServiceRegistry$ParentServices.getService(Lorg/gradle/internal/service/DefaultServiceRegistry$LookupContext;Lorg/gradle/internal/service/DefaultServiceRegistry$TypeSpec;)Lorg/gradle/internal/service/DefaultServiceRegistry$ServiceProvider; (82 bytes) @ 0x000000010412fe6c [0x000000010412fc20+0x24c]
J 14481 C2 org.gradle.internal.service.DefaultServiceRegistry$CompositeProvider.getService(Lorg/gradle/internal/service/DefaultServiceRegistry$LookupContext;Lorg/gradle/internal/service/DefaultServiceRegistry$TypeSpec;)Lorg/gradle/internal/service/DefaultServiceRegistry$ServiceProvider; (54 bytes) @ 0x0000000105c1c6f8 [0x0000000105c1c5c0+0x138]
J 2326 C1 org.gradle.internal.service.DefaultServiceRegistry$DefaultLookupContext$4.apply(Ljava/lang/Object;Ljava/lang/Object;)Ljava/lang/Object; (13 bytes) @ 0x0000000103ecd86c [0x0000000103ecd4a0+0x3cc]
J 6753 C1 org.gradle.internal.service.DefaultServiceRegistry$DefaultLookupContext.getServiceProvider(Ljava/lang/reflect/Type;Lorg/gradle/internal/service/DefaultServiceRegistry$Provider;)Lorg/gradle/internal/service/DefaultServiceRegistry$ServiceProvider; (45 bytes) @ 0x0000000104a65d54 [0x0000000104a65920+0x434]
J 2324 C1 org.gradle.internal.service.DefaultServiceRegistry$DefaultLookupContext.find(Ljava/lang/reflect/Type;Lorg/gradle/internal/service/DefaultServiceRegistry$Provider;)Lorg/gradle/internal/service/DefaultServiceRegistry$ServiceProvider; (73 bytes) @ 0x0000000103ed3d1c [0x0000000103ed31e0+0xb3c]
j  org.gradle.internal.service.DefaultServiceRegistry$DecoratorMethodService.bind(Lorg/gradle/internal/service/DefaultServiceRegistry$LookupContext;)V+29
J 1690 C1 org.gradle.internal.service.DefaultServiceRegistry$SingletonService.prepare(Lorg/gradle/internal/service/DefaultServiceRegistry$LookupContext;)Lorg/gradle/internal/service/DefaultServiceRegistry$ServiceProvider; (19 bytes) @ 0x0000000103cb6ccc [0x0000000103cb6b80+0x14c]
J 1197 C2 org.gradle.internal.service.DefaultServiceRegistry$SingletonService.getService(Lorg/gradle/internal/service/DefaultServiceRegistry$LookupContext;Lorg/gradle/internal/service/DefaultServiceRegistry$TypeSpec;)Lorg/gradle/internal/service/DefaultServiceRegistry$ServiceProvider; (21 bytes) @ 0x0000000103ab61f4 [0x0000000103ab5fa0+0x254]
J 5546 C2 org.gradle.internal.service.DefaultServiceRegistry$OwnServices.getService(Lorg/gradle/internal/service/DefaultServiceRegistry$LookupContext;Lorg/gradle/internal/service/DefaultServiceRegistry$TypeSpec;)Lorg/gradle/internal/service/DefaultServiceRegistry$ServiceProvider; (265 bytes) @ 0x00000001038d4694 [0x00000001038d45c0+0xd4]
J 9955 C2 org.gradle.internal.service.DefaultServiceRegistry.doGet(Ljava/lang/reflect/Type;)Ljava/lang/Object; (102 bytes) @ 0x0000000103e972f4 [0x0000000103e96bc0+0x734]
J 4692 C1 org.gradle.internal.service.DefaultServiceRegistry.get(Ljava/lang/Class;)Ljava/lang/Object; (10 bytes) @ 0x00000001044fe4c4 [0x00000001044fe440+0x84]
j  org.gradle.internal.service.scopes.ProjectScopeServices.createTaskContainerInternal()Lorg/gradle/internal/Factory;+28
v  ~StubRoutines::call_stub
J 1603  sun.reflect.NativeMethodAccessorImpl.invoke0(Ljava/lang/reflect/Method;Ljava/lang/Object;[Ljava/lang/Object;)Ljava/lang/Object; (0 bytes) @ 0x0000000103b632b7 [0x0000000103b63240+0x77]
J 13806 C2 sun.reflect.NativeMethodAccessorImpl.invoke(Ljava/lang/Object;[Ljava/lang/Object;)Ljava/lang/Object; (104 bytes) @ 0x0000000104f23bb4 [0x0000000104f23b40+0x74]
J 11402 C2 org.gradle.internal.service.DefaultServiceRegistry$SingletonService.get()Ljava/lang/Object; (5 bytes) @ 0x00000001054d52ac [0x00000001054d5080+0x22c]
J 11423 C1 org.gradle.internal.service.DefaultServiceRegistry.getFactory(Ljava/lang/Class;)Lorg/gradle/internal/Factory; (122 bytes) @ 0x00000001054e37b4 [0x00000001054e1c60+0x1b54]
j  org.gradle.internal.service.DefaultServiceRegistry.newInstance(Ljava/lang/Class;)Ljava/lang/Object;+2
j  org.gradle.api.internal.project.AbstractProject.<init>(Ljava/lang/String;Lorg/gradle/api/internal/project/ProjectInternal;Ljava/io/File;Lorg/gradle/groovy/scripts/ScriptSource;Lorg/gradle/api/internal/GradleInternal;Lorg/gradle/internal/service/scopes/ServiceRegistryFactory;Lorg/gradle/api/internal/initialization/ClassLoaderScope;Lorg/gradle/api/internal/initialization/ClassLoaderScope;)V+197
j  org.gradle.api.internal.project.DefaultProject.<init>(Ljava/lang/String;Lorg/gradle/api/internal/project/ProjectInternal;Ljava/io/File;Lorg/gradle/groovy/scripts/ScriptSource;Lorg/gradle/api/internal/GradleInternal;Lorg/gradle/internal/service/scopes/ServiceRegistryFactory;Lorg/gradle/api/internal/initialization/ClassLoaderScope;Lorg/gradle/api/internal/initialization/ClassLoaderScope;)V+14
j  org.gradle.api.internal.project.DefaultProject_Decorated.<init>(Ljava/lang/String;Lorg/gradle/api/internal/project/ProjectInternal;Ljava/io/File;Lorg/gradle/groovy/scripts/ScriptSource;Lorg/gradle/api/internal/GradleInternal;Lorg/gradle/internal/service/scopes/ServiceRegistryFactory;Lorg/gradle/api/internal/initialization/ClassLoaderScope;Lorg/gradle/api/internal/initialization/ClassLoaderScope;)V+14
v  ~StubRoutines::call_stub
J 3518  sun.reflect.NativeConstructorAccessorImpl.newInstance0(Ljava/lang/reflect/Constructor;[Ljava/lang/Object;)Ljava/lang/Object; (0 bytes) @ 0x00000001041c58e3 [0x00000001041c5880+0x63]
J 3517 C1 sun.reflect.NativeConstructorAccessorImpl.newInstance([Ljava/lang/Object;)Ljava/lang/Object; (89 bytes) @ 0x00000001041e6e34 [0x00000001041e5dc0+0x1074]
J 6757 C2 java.lang.reflect.Constructor.newInstance([Ljava/lang/Object;)Ljava/lang/Object; (87 bytes) @ 0x0000000104a652a4 [0x0000000104a651e0+0xc4]
J 5065 C1 org.gradle.internal.reflect.DirectInstantiator.newInstance(Ljava/lang/Class;[Ljava/lang/Object;)Ljava/lang/Object; (180 bytes) @ 0x0000000104687534 [0x00000001046853e0+0x2154]
J 11282 C1 org.gradle.api.internal.ClassGeneratorBackedInstantiator.newInstance(Ljava/lang/Class;[Ljava/lang/Object;)Ljava/lang/Object; (40 bytes) @ 0x00000001052e7c64 [0x00000001052e6800+0x1464]
j  org.gradle.api.internal.project.ProjectFactory.createProject(Lorg/gradle/api/initialization/ProjectDescriptor;Lorg/gradle/api/internal/project/ProjectInternal;Lorg/gradle/api/internal/GradleInternal;Lorg/gradle/api/internal/initialization/ClassLoaderScope;Lorg/gradle/api/internal/initialization/ClassLoaderScope;)Lorg/gradle/api/internal/project/DefaultProject;+81
j  org.gradle.api.internal.project.ProjectFactory.createProject(Lorg/gradle/api/initialization/ProjectDescriptor;Lorg/gradle/api/internal/project/ProjectInternal;Lorg/gradle/api/internal/GradleInternal;Lorg/gradle/api/internal/initialization/ClassLoaderScope;Lorg/gradle/api/internal/initialization/ClassLoaderScope;)Lorg/gradle/api/internal/project/ProjectInternal;+8
j  org.gradle.initialization.InstantiatingBuildLoader.createProjects(Lorg/gradle/api/initialization/ProjectDescriptor;Lorg/gradle/api/internal/GradleInternal;Lorg/gradle/api/internal/initialization/ClassLoaderScope;)V+16
j  org.gradle.initialization.InstantiatingBuildLoader.load(Lorg/gradle/api/initialization/ProjectDescriptor;Lorg/gradle/api/initialization/ProjectDescriptor;Lorg/gradle/api/internal/GradleInternal;Lorg/gradle/api/internal/initialization/ClassLoaderScope;)V+5
j  org.gradle.initialization.ProjectPropertySettingBuildLoader.load(Lorg/gradle/api/initialization/ProjectDescriptor;Lorg/gradle/api/initialization/ProjectDescriptor;Lorg/gradle/api/internal/GradleInternal;Lorg/gradle/api/internal/initialization/ClassLoaderScope;)V+9
j  org.gradle.initialization.DefaultGradleLauncher.doBuildStages(Lorg/gradle/initialization/DefaultGradleLauncher$Stage;)V+59
j  org.gradle.initialization.DefaultGradleLauncher.doBuild(Lorg/gradle/initialization/DefaultGradleLauncher$Stage;)Lorg/gradle/BuildResult;+27
j  org.gradle.initialization.DefaultGradleLauncher.run()Lorg/gradle/BuildResult;+4
j  org.gradle.launcher.exec.InProcessBuildActionExecuter$DefaultBuildController.run()Lorg/gradle/api/internal/GradleInternal;+5
j  org.gradle.tooling.internal.provider.runner.BuildModelActionRunner.run(Lorg/gradle/internal/invocation/BuildAction;Lorg/gradle/internal/invocation/BuildController;)V+72
j  org.gradle.launcher.exec.ChainingBuildActionRunner.run(Lorg/gradle/internal/invocation/BuildAction;Lorg/gradle/internal/invocation/BuildController;)V+34
j  org.gradle.launcher.exec.InProcessBuildActionExecuter.execute(Lorg/gradle/internal/invocation/BuildAction;Lorg/gradle/initialization/BuildRequestContext;Lorg/gradle/launcher/exec/BuildActionParameters;)Ljava/lang/Object;+39
j  org.gradle.launcher.exec.InProcessBuildActionExecuter.execute(Lorg/gradle/internal/invocation/BuildAction;Lorg/gradle/initialization/BuildRequestContext;Ljava/lang/Object;)Ljava/lang/Object;+7
j  org.gradle.launcher.daemon.server.exec.ExecuteBuild.doBuild(Lorg/gradle/launcher/daemon/server/api/DaemonCommandExecution;Lorg/gradle/launcher/daemon/protocol/Build;)V+70
j  org.gradle.launcher.daemon.server.exec.BuildCommandOnly.execute(Lorg/gradle/launcher/daemon/server/api/DaemonCommandExecution;)V+49
j  org.gradle.launcher.daemon.server.api.DaemonCommandExecution.proceed()Z+28
j  org.gradle.launcher.daemon.server.exec.WatchForDisconnection.execute(Lorg/gradle/launcher/daemon/server/api/DaemonCommandExecution;)V+19
j  org.gradle.launcher.daemon.server.api.DaemonCommandExecution.proceed()Z+28
j  org.gradle.launcher.daemon.server.exec.ResetDeprecationLogger.execute(Lorg/gradle/launcher/daemon/server/api/DaemonCommandExecution;)V+4
j  org.gradle.launcher.daemon.server.api.DaemonCommandExecution.proceed()Z+28
j  org.gradle.launcher.daemon.server.exec.RequestStopIfSingleUsedDaemon.execute(Lorg/gradle/launcher/daemon/server/api/DaemonCommandExecution;)V+31
j  org.gradle.launcher.daemon.server.api.DaemonCommandExecution.proceed()Z+28
j  org.gradle.launcher.daemon.server.exec.ForwardClientInput$2.call()Ljava/lang/Void;+4
j  org.gradle.launcher.daemon.server.exec.ForwardClientInput$2.call()Ljava/lang/Object;+1
j  org.gradle.util.Swapper.swap(Ljava/lang/Object;Ljava/util/concurrent/Callable;)Ljava/lang/Object;+21
j  org.gradle.launcher.daemon.server.exec.ForwardClientInput.execute(Lorg/gradle/launcher/daemon/server/api/DaemonCommandExecution;)V+63
j  org.gradle.launcher.daemon.server.api.DaemonCommandExecution.proceed()Z+28
j  org.gradle.launcher.daemon.server.health.DaemonHealthTracker.execute(Lorg/gradle/launcher/daemon/server/api/DaemonCommandExecution;)V+35
j  org.gradle.launcher.daemon.server.api.DaemonCommandExecution.proceed()Z+28
j  org.gradle.launcher.daemon.server.exec.LogToClient.doBuild(Lorg/gradle/launcher/daemon/server/api/DaemonCommandExecution;Lorg/gradle/launcher/daemon/protocol/Build;)V+106
j  org.gradle.launcher.daemon.server.exec.BuildCommandOnly.execute(Lorg/gradle/launcher/daemon/server/api/DaemonCommandExecution;)V+49
j  org.gradle.launcher.daemon.server.api.DaemonCommandExecution.proceed()Z+28
j  org.gradle.launcher.daemon.server.exec.EstablishBuildEnvironment.doBuild(Lorg/gradle/launcher/daemon/server/api/DaemonCommandExecution;Lorg/gradle/launcher/daemon/protocol/Build;)V+243
j  org.gradle.launcher.daemon.server.exec.BuildCommandOnly.execute(Lorg/gradle/launcher/daemon/server/api/DaemonCommandExecution;)V+49
j  org.gradle.launcher.daemon.server.api.DaemonCommandExecution.proceed()Z+28
j  org.gradle.launcher.daemon.server.health.HintGCAfterBuild.execute(Lorg/gradle/launcher/daemon/server/api/DaemonCommandExecution;)V+1
j  org.gradle.launcher.daemon.server.api.DaemonCommandExecution.proceed()Z+28
j  org.gradle.launcher.daemon.server.exec.StartBuildOrRespondWithBusy$1.run()V+44
j  org.gradle.launcher.daemon.server.DaemonStateCoordinator$1.run()V+4
J 12128 C1 org.gradle.internal.concurrent.ExecutorPolicy$CatchAndRecordFailures.onExecute(Ljava/lang/Runnable;)V (45 bytes) @ 0x0000000104b99044 [0x0000000104b98fc0+0x84]
J 12127 C1 org.gradle.internal.concurrent.StoppableExecutorImpl$1.run()V (59 bytes) @ 0x0000000104b9a06c [0x0000000104b99f20+0x14c]
J 12152 C1 java.util.concurrent.ThreadPoolExecutor.runWorker(Ljava/util/concurrent/ThreadPoolExecutor$Worker;)V (225 bytes) @ 0x00000001047e4b6c [0x00000001047e3bc0+0xfac]
J 12028 C1 java.util.concurrent.ThreadPoolExecutor$Worker.run()V (9 bytes) @ 0x00000001045b5b74 [0x00000001045b5b00+0x74]
J 12096 C1 java.lang.Thread.run()V (17 bytes) @ 0x0000000104ad20fc [0x0000000104ad2080+0x7c]
v  ~StubRoutines::call_stub

---------------  P R O C E S S  ---------------

Java Threads: ( => current thread )
  0x00007f87423f0000 JavaThread "Stdin handler" [_thread_blocked, id=25895, stack(0x00007000014d9000,0x00007000015d9000)]
=>0x00007f8744354800 JavaThread "Daemon worker Thread 6" [_thread_in_vm, id=32527, stack(0x00007000013d6000,0x00007000014d6000)]
  0x00007f8744684000 JavaThread "Cancel handler" [_thread_blocked, id=21783, stack(0x00007000012d3000,0x00007000013d3000)]
  0x00007f8745720800 JavaThread "Handler for socket connection from /127.0.0.1:49969 to /127.0.0.1:53718" [_thread_in_native, id=32283, stack(0x00007000011d0000,0x00007000012d0000)]
  0x00007f8746506800 JavaThread "Daemon Thread 6" [_thread_blocked, id=20251, stack(0x0000700000932000,0x0000700000a32000)]
  0x00007f8743322000 JavaThread "File lock request listener" [_thread_in_native, id=22787, stack(0x00007000016df000,0x00007000017df000)]
  0x00007f8742aca800 JavaThread "Incoming local TCP Connector on port 49969" [_thread_in_native, id=19715, stack(0x00007000010cd000,0x00007000011cd000)]
  0x00007f8742021000 JavaThread "Service Thread" daemon [_thread_blocked, id=18691, stack(0x0000700000ec7000,0x0000700000fc7000)]
  0x00007f8742017000 JavaThread "C1 CompilerThread2" daemon [_thread_blocked, id=18179, stack(0x0000700000dc4000,0x0000700000ec4000)]
  0x00007f8741837000 JavaThread "C2 CompilerThread1" daemon [_thread_in_native, id=17667, stack(0x0000700000cc1000,0x0000700000dc1000)]
  0x00007f8741864800 JavaThread "C2 CompilerThread0" daemon [_thread_in_native, id=17155, stack(0x0000700000bbe000,0x0000700000cbe000)]
  0x00007f8743006000 JavaThread "Signal Dispatcher" daemon [_thread_blocked, id=16647, stack(0x0000700000abb000,0x0000700000bbb000)]
  0x00007f8742006000 JavaThread "Finalizer" daemon [_thread_blocked, id=11779, stack(0x000070000082f000,0x000070000092f000)]
  0x00007f874280a800 JavaThread "Reference Handler" daemon [_thread_blocked, id=11267, stack(0x000070000072c000,0x000070000082c000)]
  0x00007f8742801800 JavaThread "main" [_thread_blocked, id=4099, stack(0x0000700000084000,0x0000700000184000)]

Other Threads:
  0x00007f8741861800 VMThread [stack: 0x0000700000629000,0x0000700000729000] [id=10755]
  0x00007f8743007000 WatcherThread [stack: 0x0000700000fca000,0x00007000010ca000] [id=19203]

VM state:not at safepoint (normal execution)

VM Mutex/Monitor currently owned by a thread: None

Heap:
 PSYoungGen      total 288768K, used 24725K [0x00000007aab00000, 0x00000007bec00000, 0x00000007c0000000)
  eden space 248832K, 9% used [0x00000007aab00000,0x00000007ac325698,0x00000007b9e00000)
  from space 39936K, 0% used [0x00000007bc500000,0x00000007bc500000,0x00000007bec00000)
  to   space 39936K, 0% used [0x00000007b9e00000,0x00000007b9e00000,0x00000007bc500000)
 ParOldGen       total 107520K, used 57773K [0x0000000780000000, 0x0000000786900000, 0x00000007aab00000)
  object space 107520K, 53% used [0x0000000780000000,0x000000078386b408,0x0000000786900000)
 Metaspace       used 61483K, capacity 65608K, committed 65664K, reserved 1105920K
  class space    used 8123K, capacity 9313K, committed 9344K, reserved 1048576K

Card table byte_map: [0x0000000113200000,0x0000000113401000] byte_map_base: 0x000000010f600000

Marking Bits: (ParMarkBitMap*) 0x0000000102f257a0
 Begin Bits: [0x0000000113557000, 0x0000000114557000)
 End Bits:   [0x0000000114557000, 0x0000000115557000)

Polling page: 0x000000010360f000

CodeCache: size=245760Kb used=38642Kb max_used=38642Kb free=207117Kb
 bounds [0x0000000103622000, 0x0000000105c22000, 0x0000000112622000]
 total_blobs=12185 nmethods=11453 adapters=642
 compilation: enabled

Compilation events (10 events):
Event: 2639.170 Thread 0x00007f8742017000 14532       3       groovyjarjarasm.asm.ClassWriter::a (312 bytes)
Event: 2639.172 Thread 0x00007f8742017000 nmethod 14532 0x0000000103d93e50 code [0x0000000103d94300, 0x0000000103d97f68]
Event: 2639.193 Thread 0x00007f8742017000 14533       3       org.gradle.groovy.scripts.DelegatingScriptSource::getFileName (10 bytes)
Event: 2639.193 Thread 0x00007f8742017000 nmethod 14533 0x0000000103d93a10 code [0x0000000103d93b80, 0x0000000103d93da8]
Event: 2639.193 Thread 0x00007f8742017000 14534       3       org.gradle.groovy.scripts.UriScriptSource::getFileName (36 bytes)
Event: 2639.194 Thread 0x00007f8742017000 nmethod 14534 0x0000000103d93190 code [0x0000000103d93340, 0x0000000103d93848]
Event: 2639.204 Thread 0x00007f8742017000 14536       1       org.gradle.api.internal.artifacts.configurations.MutationValidator$1::validateMutation (1 bytes)
Event: 2639.204 Thread 0x00007f8742017000 nmethod 14536 0x0000000103d9e350 code [0x0000000103d9e4a0, 0x0000000103d9e5b0]
Event: 2639.212 Thread 0x00007f8742017000 14537       1       org.gradle.groovy.scripts.internal.FactoryBackedCompileOperation::getDataSerializer (5 bytes)
Event: 2639.212 Thread 0x00007f8742017000 nmethod 14537 0x0000000103d92ed0 code [0x0000000103d93020, 0x0000000103d93130]

GC Heap History (10 events):
Event: 1629.146 GC heap before
{Heap before GC invocations=33 (full 5):
 PSYoungGen      total 239104K, used 185070K [0x00000007aab00000, 0x00000007bd400000, 0x00000007c0000000)
  eden space 205312K, 76% used [0x00000007aab00000,0x00000007b4518038,0x00000007b7380000)
  from space 33792K, 80% used [0x00000007b7380000,0x00000007b8e23b80,0x00000007b9480000)
  to   space 36352K, 0% used [0x00000007bb080000,0x00000007bb080000,0x00000007bd400000)
 ParOldGen       total 107520K, used 58119K [0x0000000780000000, 0x0000000786900000, 0x00000007aab00000)
  object space 107520K, 54% used [0x0000000780000000,0x00000007838c1dd8,0x0000000786900000)
 Metaspace       used 60984K, capacity 64810K, committed 65024K, reserved 1105920K
  class space    used 8081K, capacity 9194K, committed 9216K, reserved 1048576K
Event: 1629.150 GC heap after
Heap after GC invocations=33 (full 5):
 PSYoungGen      total 267264K, used 1840K [0x00000007aab00000, 0x00000007bd500000, 0x00000007c0000000)
  eden space 230912K, 0% used [0x00000007aab00000,0x00000007aab00000,0x00000007b8c80000)
  from space 36352K, 5% used [0x00000007bb080000,0x00000007bb24c010,0x00000007bd400000)
  to   space 36864K, 0% used [0x00000007b8c80000,0x00000007b8c80000,0x00000007bb080000)
 ParOldGen       total 107520K, used 58127K [0x0000000780000000, 0x0000000786900000, 0x00000007aab00000)
  object space 107520K, 54% used [0x0000000780000000,0x00000007838c3dd8,0x0000000786900000)
 Metaspace       used 60984K, capacity 64810K, committed 65024K, reserved 1105920K
  class space    used 8081K, capacity 9194K, committed 9216K, reserved 1048576K
}
Event: 1629.150 GC heap before
{Heap before GC invocations=34 (full 6):
 PSYoungGen      total 267264K, used 1840K [0x00000007aab00000, 0x00000007bd500000, 0x00000007c0000000)
  eden space 230912K, 0% used [0x00000007aab00000,0x00000007aab00000,0x00000007b8c80000)
  from space 36352K, 5% used [0x00000007bb080000,0x00000007bb24c010,0x00000007bd400000)
  to   space 36864K, 0% used [0x00000007b8c80000,0x00000007b8c80000,0x00000007bb080000)
 ParOldGen       total 107520K, used 58127K [0x0000000780000000, 0x0000000786900000, 0x00000007aab00000)
  object space 107520K, 54% used [0x0000000780000000,0x00000007838c3dd8,0x0000000786900000)
 Metaspace       used 60984K, capacity 64810K, committed 65024K, reserved 1105920K
  class space    used 8081K, capacity 9194K, committed 9216K, reserved 1048576K
Event: 1629.434 GC heap after
Heap after GC invocations=34 (full 6):
 PSYoungGen      total 267264K, used 0K [0x00000007aab00000, 0x00000007bd500000, 0x00000007c0000000)
  eden space 230912K, 0% used [0x00000007aab00000,0x00000007aab00000,0x00000007b8c80000)
  from space 36352K, 0% used [0x00000007bb080000,0x00000007bb080000,0x00000007bd400000)
  to   space 36864K, 0% used [0x00000007b8c80000,0x00000007b8c80000,0x00000007bb080000)
 ParOldGen       total 107520K, used 57852K [0x0000000780000000, 0x0000000786900000, 0x00000007aab00000)
  object space 107520K, 53% used [0x0000000780000000,0x000000078387f000,0x0000000786900000)
 Metaspace       used 60951K, capacity 64696K, committed 65024K, reserved 1105920K
  class space    used 8073K, capacity 9160K, committed 9216K, reserved 1048576K
}
Event: 1752.587 GC heap before
{Heap before GC invocations=35 (full 6):
 PSYoungGen      total 267264K, used 230912K [0x00000007aab00000, 0x00000007bd500000, 0x00000007c0000000)
  eden space 230912K, 100% used [0x00000007aab00000,0x00000007b8c80000,0x00000007b8c80000)
  from space 36352K, 0% used [0x00000007bb080000,0x00000007bb080000,0x00000007bd400000)
  to   space 36864K, 0% used [0x00000007b8c80000,0x00000007b8c80000,0x00000007bb080000)
 ParOldGen       total 107520K, used 57852K [0x0000000780000000, 0x0000000786900000, 0x00000007aab00000)
  object space 107520K, 53% used [0x0000000780000000,0x000000078387f000,0x0000000786900000)
 Metaspace       used 61327K, capacity 65422K, committed 65664K, reserved 1105920K
  class space    used 8111K, capacity 9267K, committed 9344K, reserved 1048576K
Event: 1752.628 GC heap after
Heap after GC invocations=35 (full 6):
 PSYoungGen      total 267776K, used 28709K [0x00000007aab00000, 0x00000007bec00000, 0x00000007c0000000)
  eden space 230912K, 0% used [0x00000007aab00000,0x00000007aab00000,0x00000007b8c80000)
  from space 36864K, 77% used [0x00000007b8c80000,0x00000007ba889600,0x00000007bb080000)
  to   space 39936K, 0% used [0x00000007bc500000,0x00000007bc500000,0x00000007bec00000)
 ParOldGen       total 107520K, used 57860K [0x0000000780000000, 0x0000000786900000, 0x00000007aab00000)
  object space 107520K, 53% used [0x0000000780000000,0x0000000783881000,0x0000000786900000)
 Metaspace       used 61327K, capacity 65422K, committed 65664K, reserved 1105920K
  class space    used 8111K, capacity 9267K, committed 9344K, reserved 1048576K
}
Event: 1761.259 GC heap before
{Heap before GC invocations=36 (full 6):
 PSYoungGen      total 267776K, used 101294K [0x00000007aab00000, 0x00000007bec00000, 0x00000007c0000000)
  eden space 230912K, 31% used [0x00000007aab00000,0x00000007af1e2250,0x00000007b8c80000)
  from space 36864K, 77% used [0x00000007b8c80000,0x00000007ba889600,0x00000007bb080000)
  to   space 39936K, 0% used [0x00000007bc500000,0x00000007bc500000,0x00000007bec00000)
 ParOldGen       total 107520K, used 57860K [0x0000000780000000, 0x0000000786900000, 0x00000007aab00000)
  object space 107520K, 53% used [0x0000000780000000,0x0000000783881000,0x0000000786900000)
 Metaspace       used 61389K, capacity 65458K, committed 65664K, reserved 1105920K
  class space    used 8114K, capacity 9273K, committed 9344K, reserved 1048576K
Event: 1761.263 GC heap after
Heap after GC invocations=36 (full 6):
 PSYoungGen      total 288768K, used 1184K [0x00000007aab00000, 0x00000007bec00000, 0x00000007c0000000)
  eden space 248832K, 0% used [0x00000007aab00000,0x00000007aab00000,0x00000007b9e00000)
  from space 39936K, 2% used [0x00000007bc500000,0x00000007bc628020,0x00000007bec00000)
  to   space 39936K, 0% used [0x00000007b9e00000,0x00000007b9e00000,0x00000007bc500000)
 ParOldGen       total 107520K, used 57868K [0x0000000780000000, 0x0000000786900000, 0x00000007aab00000)
  object space 107520K, 53% used [0x0000000780000000,0x0000000783883000,0x0000000786900000)
 Metaspace       used 61389K, capacity 65458K, committed 65664K, reserved 1105920K
  class space    used 8114K, capacity 9273K, committed 9344K, reserved 1048576K
}
Event: 1761.264 GC heap before
{Heap before GC invocations=37 (full 7):
 PSYoungGen      total 288768K, used 1184K [0x00000007aab00000, 0x00000007bec00000, 0x00000007c0000000)
  eden space 248832K, 0% used [0x00000007aab00000,0x00000007aab00000,0x00000007b9e00000)
  from space 39936K, 2% used [0x00000007bc500000,0x00000007bc628020,0x00000007bec00000)
  to   space 39936K, 0% used [0x00000007b9e00000,0x00000007b9e00000,0x00000007bc500000)
 ParOldGen       total 107520K, used 57868K [0x0000000780000000, 0x0000000786900000, 0x00000007aab00000)
  object space 107520K, 53% used [0x0000000780000000,0x0000000783883000,0x0000000786900000)
 Metaspace       used 61389K, capacity 65458K, committed 65664K, reserved 1105920K
  class space    used 8114K, capacity 9273K, committed 9344K, reserved 1048576K
Event: 1761.580 GC heap after
Heap after GC invocations=37 (full 7):
 PSYoungGen      total 288768K, used 0K [0x00000007aab00000, 0x00000007bec00000, 0x00000007c0000000)
  eden space 248832K, 0% used [0x00000007aab00000,0x00000007aab00000,0x00000007b9e00000)
  from space 39936K, 0% used [0x00000007bc500000,0x00000007bc500000,0x00000007bec00000)
  to   space 39936K, 0% used [0x00000007b9e00000,0x00000007b9e00000,0x00000007bc500000)
 ParOldGen       total 107520K, used 57773K [0x0000000780000000, 0x0000000786900000, 0x00000007aab00000)
  object space 107520K, 53% used [0x0000000780000000,0x000000078386b408,0x0000000786900000)
 Metaspace       used 61356K, capacity 65344K, committed 65664K, reserved 1105920K
  class space    used 8107K, capacity 9239K, committed 9344K, reserved 1048576K
}

Deoptimization events (10 events):
Event: 1622.040 Thread 0x00007f87456d5800 Uncommon trap: reason=unstable_if action=reinterpret pc=0x0000000104df43bc method=org.gradle.cache.internal.btree.FileBackedBlockStore$BlockImpl.getPos()Lorg/gradle/cache/internal/btree/BlockPointer; @ 4
Event: 1627.400 Thread 0x00007f87456d5800 Uncommon trap: reason=unstable_if action=reinterpret pc=0x00000001053c752c method=sun.security.provider.DigestBase.engineUpdate(B)V @ 4
Event: 1627.400 Thread 0x00007f87456d5800 Uncommon trap: reason=unstable_if action=reinterpret pc=0x0000000103ab7100 method=sun.security.util.Cache$EqualByteArray.hashCode()I @ 6
Event: 1628.931 Thread 0x00007f87456d5800 Uncommon trap: reason=unstable_if action=reinterpret pc=0x00000001053c0f48 method=sun.security.provider.DigestBase.engineUpdate(B)V @ 4
Event: 1751.414 Thread 0x00007f8746b3a800 Uncommon trap: reason=null_check action=make_not_entrant pc=0x0000000104b9d824 method=java.lang.Class.isEnum()Z @ 1
Event: 1752.213 Thread 0x00007f8746b3a800 Uncommon trap: reason=unstable_if action=reinterpret pc=0x0000000104fe8314 method=com.sun.tools.javac.util.Name.subName(II)Lcom/sun/tools/javac/util/Name; @ 2
Event: 1752.371 Thread 0x00007f8746b3a800 Uncommon trap: reason=unstable_if action=reinterpret pc=0x0000000103d1bf34 method=com.sun.tools.javac.tree.TreeInfo.firstConstructorCall(Lcom/sun/tools/javac/tree/JCTree;)Lcom/sun/tools/javac/tree/JCTree$JCMethodInvocation; @ 75
Event: 1752.450 Thread 0x00007f8746b3a800 Uncommon trap: reason=unstable_if action=reinterpret pc=0x000000010577576c method=com.sun.tools.javac.code.Types$Subst.subst(Lcom/sun/tools/javac/code/Type;)Lcom/sun/tools/javac/code/Type; @ 7
Event: 1759.559 Thread 0x00007f8746b3a800 Uncommon trap: reason=unstable_if action=reinterpret pc=0x00000001053c7fa8 method=sun.security.provider.DigestBase.engineUpdate(B)V @ 4
Event: 1761.072 Thread 0x00007f8746b3a800 Uncommon trap: reason=unstable_if action=reinterpret pc=0x00000001053d3b88 method=sun.security.provider.DigestBase.engineUpdate(B)V @ 4

Internal exceptions (10 events):
Event: 1752.133 Thread 0x00007f8746b3a800 Exception <a 'java/security/PrivilegedActionException'> (0x00000007b3299100) thrown at [/Users/java_re/workspace/8-2-build-macosx-x86_64/jdk8u40/3153/hotspot/src/share/vm/prims/jvm.cpp, line 1382]
Event: 1752.133 Thread 0x00007f8746b3a800 Exception <a 'java/security/PrivilegedActionException'> (0x00000007b3299768) thrown at [/Users/java_re/workspace/8-2-build-macosx-x86_64/jdk8u40/3153/hotspot/src/share/vm/prims/jvm.cpp, line 1382]
Event: 1752.134 Thread 0x00007f8746b3a800 Exception <a 'java/security/PrivilegedActionException'> (0x00000007b32a8b88) thrown at [/Users/java_re/workspace/8-2-build-macosx-x86_64/jdk8u40/3153/hotspot/src/share/vm/prims/jvm.cpp, line 1382]
Event: 1752.134 Thread 0x00007f8746b3a800 Exception <a 'java/security/PrivilegedActionException'> (0x00000007b32a91f0) thrown at [/Users/java_re/workspace/8-2-build-macosx-x86_64/jdk8u40/3153/hotspot/src/share/vm/prims/jvm.cpp, line 1382]
Event: 1752.198 Thread 0x00007f8746b3a800 Exception <a 'java/io/FileNotFoundException'> (0x00000007b4bf2920) thrown at [/Users/java_re/workspace/8-2-build-macosx-x86_64/jdk8u40/3153/hotspot/src/share/vm/prims/jni.cpp, line 709]
Event: 1752.198 Thread 0x00007f8746b3a800 Exception <a 'java/io/FileNotFoundException'> (0x00000007b4bf6360) thrown at [/Users/java_re/workspace/8-2-build-macosx-x86_64/jdk8u40/3153/hotspot/src/share/vm/prims/jni.cpp, line 709]
Event: 1759.559 Thread 0x00007f8746b3a800 Implicit null exception at 0x00000001053c7bda to 0x00000001053c7f95
Event: 1761.072 Thread 0x00007f8746b3a800 Implicit null exception at 0x00000001053d33a4 to 0x00000001053d3b75
Event: 2639.186 Thread 0x00007f8744354800 Exception <a 'java/lang/ClassNotFoundException': asLocalRepo6_ey32a2ojzdy9dh31td4jeuzt4BeanInfo> (0x00000007ac0f40f8) thrown at [/Users/java_re/workspace/8-2-build-macosx-x86_64/jdk8u40/3153/hotspot/src/share/vm/classfile/systemDictionary.cpp, line 210]
Event: 2639.191 Thread 0x00007f8744354800 Exception <a 'java/lang/ClassNotFoundException': asLocalRepo6_ey32a2ojzdy9dh31td4jeuzt4Customizer> (0x00000007ac0fd2d8) thrown at [/Users/java_re/workspace/8-2-build-macosx-x86_64/jdk8u40/3153/hotspot/src/share/vm/classfile/systemDictionary.cpp, line 210]

Events (10 events):
Event: 2639.186 loading class asLocalRepo6_ey32a2ojzdy9dh31td4jeuzt4Customizer
Event: 2639.186 loading class asLocalRepo6_ey32a2ojzdy9dh31td4jeuzt4Customizer done
Event: 2639.191 loading class asLocalRepo6_ey32a2ojzdy9dh31td4jeuzt4Customizer
Event: 2639.191 loading class asLocalRepo6_ey32a2ojzdy9dh31td4jeuzt4Customizer done
Event: 2639.191 loading class asLocalRepo6_ey32a2ojzdy9dh31td4jeuzt4Customizer
Event: 2639.191 loading class asLocalRepo6_ey32a2ojzdy9dh31td4jeuzt4Customizer done
Event: 2639.194 loading class asLocalRepo6_ey32a2ojzdy9dh31td4jeuzt4$_run_closure1
Event: 2639.194 loading class asLocalRepo6_ey32a2ojzdy9dh31td4jeuzt4$_run_closure1 done
Event: 2639.196 loading class groovy/runtime/metaclass/asLocalRepo6_ey32a2ojzdy9dh31td4jeuzt4$_run_closure1MetaClass
Event: 2639.196 loading class groovy/runtime/metaclass/asLocalRepo6_ey32a2ojzdy9dh31td4jeuzt4$_run_closure1MetaClass done


Dynamic libraries:
0x00000000046d2000 	/System/Library/Frameworks/Cocoa.framework/Versions/A/Cocoa
0x00000000046d2000 	/System/Library/Frameworks/Security.framework/Versions/A/Security
0x00000000046d2000 	/System/Library/Frameworks/ApplicationServices.framework/Versions/A/ApplicationServices
0x00000000046d2000 	/usr/lib/libz.1.dylib
0x00000000046d2000 	/usr/lib/libSystem.B.dylib
0x00000000046d2000 	/usr/lib/libobjc.A.dylib
0x00000000046d2000 	/System/Library/Frameworks/CoreFoundation.framework/Versions/A/CoreFoundation
0x00000000046d2000 	/System/Library/Frameworks/Foundation.framework/Versions/C/Foundation
0x00000000046d2000 	/System/Library/Frameworks/AppKit.framework/Versions/C/AppKit
0x00000000046d2000 	/System/Library/Frameworks/CoreData.framework/Versions/A/CoreData
0x00000000046d2000 	/System/Library/PrivateFrameworks/RemoteViewServices.framework/Versions/A/RemoteViewServices
0x00000000046d2000 	/System/Library/PrivateFrameworks/UIFoundation.framework/Versions/A/UIFoundation
0x00000000046d2000 	/usr/lib/libScreenReader.dylib
0x00000000046d2000 	/System/Library/Frameworks/Accelerate.framework/Versions/A/Accelerate
0x00000000046d2000 	/System/Library/Frameworks/IOSurface.framework/Versions/A/IOSurface
0x00000000046d2000 	/System/Library/Frameworks/AudioToolbox.framework/Versions/A/AudioToolbox
0x00000000046d2000 	/System/Library/Frameworks/AudioUnit.framework/Versions/A/AudioUnit
0x00000000046d2000 	/System/Library/PrivateFrameworks/DataDetectorsCore.framework/Versions/A/DataDetectorsCore
0x00000000046d2000 	/System/Library/PrivateFrameworks/DesktopServicesPriv.framework/Versions/A/DesktopServicesPriv
0x00000000046d2000 	/System/Library/Frameworks/Carbon.framework/Versions/A/Frameworks/HIToolbox.framework/Versions/A/HIToolbox
0x00000000046d2000 	/System/Library/Frameworks/QuartzCore.framework/Versions/A/QuartzCore
0x00000000046d2000 	/System/Library/Frameworks/Carbon.framework/Versions/A/Frameworks/SpeechRecognition.framework/Versions/A/SpeechRecognition
0x00000000046d2000 	/usr/lib/libauto.dylib
0x00000000046d2000 	/usr/lib/libicucore.A.dylib
0x00000000046d2000 	/usr/lib/libxml2.2.dylib
0x00000000046d2000 	/System/Library/PrivateFrameworks/CoreUI.framework/Versions/A/CoreUI
0x00000000046d2000 	/System/Library/Frameworks/CoreAudio.framework/Versions/A/CoreAudio
0x00000000046d2000 	/System/Library/Frameworks/DiskArbitration.framework/Versions/A/DiskArbitration
0x00000000046d2000 	/usr/lib/liblangid.dylib
0x00000000046d2000 	/System/Library/PrivateFrameworks/MultitouchSupport.framework/Versions/A/MultitouchSupport
0x00000000046d2000 	/System/Library/Frameworks/IOKit.framework/Versions/A/IOKit
0x00000000046d2000 	/usr/lib/libDiagnosticMessagesClient.dylib
0x00000000046d2000 	/System/Library/Frameworks/CoreServices.framework/Versions/A/CoreServices
0x00000000046d2000 	/System/Library/PrivateFrameworks/PerformanceAnalysis.framework/Versions/A/PerformanceAnalysis
0x00000000046d2000 	/System/Library/PrivateFrameworks/GenerationalStorage.framework/Versions/A/GenerationalStorage
0x00000000046d2000 	/System/Library/Frameworks/OpenGL.framework/Versions/A/OpenGL
0x00000000046d2000 	/System/Library/PrivateFrameworks/Sharing.framework/Versions/A/Sharing
0x00000000046d2000 	/System/Library/Frameworks/CoreGraphics.framework/Versions/A/CoreGraphics
0x00000000046d2000 	/System/Library/Frameworks/CoreImage.framework/Versions/A/CoreImage
0x00000000046d2000 	/System/Library/Frameworks/CoreText.framework/Versions/A/CoreText
0x00000000046d2000 	/System/Library/Frameworks/ImageIO.framework/Versions/A/ImageIO
0x00000000046d2000 	/System/Library/PrivateFrameworks/Backup.framework/Versions/A/Backup
0x00000000046d2000 	/usr/lib/libextension.dylib
0x00000000046d2000 	/usr/lib/libarchive.2.dylib
0x00000000046d2000 	/System/Library/Frameworks/CFNetwork.framework/Versions/A/CFNetwork
0x00000000046d2000 	/System/Library/Frameworks/SystemConfiguration.framework/Versions/A/SystemConfiguration
0x00000000046d2000 	/usr/lib/libCRFSuite.dylib
0x00000000046d2000 	/usr/lib/libc++.1.dylib
0x00000000046d2000 	/usr/lib/libc++abi.dylib
0x00000000046d2000 	/usr/lib/system/libcache.dylib
0x00000000046d2000 	/usr/lib/system/libcommonCrypto.dylib
0x00000000046d2000 	/usr/lib/system/libcompiler_rt.dylib
0x00000000046d2000 	/usr/lib/system/libcopyfile.dylib
0x00000000046d2000 	/usr/lib/system/libcorecrypto.dylib
0x00000000046d2000 	/usr/lib/system/libdispatch.dylib
0x00000000046d2000 	/usr/lib/system/libdyld.dylib
0x00000000046d2000 	/usr/lib/system/libkeymgr.dylib
0x00000000046d2000 	/usr/lib/system/liblaunch.dylib
0x00000000046d2000 	/usr/lib/system/libmacho.dylib
0x00000000046d2000 	/usr/lib/system/libquarantine.dylib
0x00000000046d2000 	/usr/lib/system/libremovefile.dylib
0x00000000046d2000 	/usr/lib/system/libsystem_asl.dylib
0x00000000046d2000 	/usr/lib/system/libsystem_blocks.dylib
0x00000000046d2000 	/usr/lib/system/libsystem_c.dylib
0x00000000046d2000 	/usr/lib/system/libsystem_configuration.dylib
0x00000000046d2000 	/usr/lib/system/libsystem_coreservices.dylib
0x00000000046d2000 	/usr/lib/system/libsystem_coretls.dylib
0x00000000046d2000 	/usr/lib/system/libsystem_dnssd.dylib
0x00000000046d2000 	/usr/lib/system/libsystem_info.dylib
0x00000000046d2000 	/usr/lib/system/libsystem_kernel.dylib
0x00000000046d2000 	/usr/lib/system/libsystem_m.dylib
0x00000000046d2000 	/usr/lib/system/libsystem_malloc.dylib
0x00000000046d2000 	/usr/lib/system/libsystem_network.dylib
0x00000000046d2000 	/usr/lib/system/libsystem_networkextension.dylib
0x00000000046d2000 	/usr/lib/system/libsystem_notify.dylib
0x00000000046d2000 	/usr/lib/system/libsystem_platform.dylib
0x00000000046d2000 	/usr/lib/system/libsystem_pthread.dylib
0x00000000046d2000 	/usr/lib/system/libsystem_sandbox.dylib
0x00000000046d2000 	/usr/lib/system/libsystem_secinit.dylib
0x00000000046d2000 	/usr/lib/system/libsystem_trace.dylib
0x00000000046d2000 	/usr/lib/system/libunc.dylib
0x00000000046d2000 	/usr/lib/system/libunwind.dylib
0x00000000046d2000 	/usr/lib/system/libxpc.dylib
0x00000000046d2000 	/usr/lib/libenergytrace.dylib
0x00000000046d2000 	/usr/lib/libbsm.0.dylib
0x00000000046d2000 	/usr/lib/system/libkxld.dylib
0x00000000046d2000 	/usr/lib/libxar.1.dylib
0x00000000046d2000 	/usr/lib/libsqlite3.dylib
0x00000000046d2000 	/usr/lib/libpam.2.dylib
0x00000000046d2000 	/usr/lib/libOpenScriptingUtil.dylib
0x00000000046d2000 	/usr/lib/libbz2.1.0.dylib
0x00000000046d2000 	/usr/lib/liblzma.5.dylib
0x00000000046d2000 	/System/Library/Frameworks/CoreServices.framework/Versions/A/Frameworks/FSEvents.framework/Versions/A/FSEvents
0x00000000046d2000 	/System/Library/Frameworks/CoreServices.framework/Versions/A/Frameworks/CarbonCore.framework/Versions/A/CarbonCore
0x00000000046d2000 	/System/Library/Frameworks/CoreServices.framework/Versions/A/Frameworks/Metadata.framework/Versions/A/Metadata
0x00000000046d2000 	/System/Library/Frameworks/CoreServices.framework/Versions/A/Frameworks/OSServices.framework/Versions/A/OSServices
0x00000000046d2000 	/System/Library/Frameworks/CoreServices.framework/Versions/A/Frameworks/SearchKit.framework/Versions/A/SearchKit
0x00000000046d2000 	/System/Library/Frameworks/CoreServices.framework/Versions/A/Frameworks/AE.framework/Versions/A/AE
0x00000000046d2000 	/System/Library/Frameworks/CoreServices.framework/Versions/A/Frameworks/LaunchServices.framework/Versions/A/LaunchServices
0x00000000046d2000 	/System/Library/Frameworks/CoreServices.framework/Versions/A/Frameworks/DictionaryServices.framework/Versions/A/DictionaryServices
0x00000000046d2000 	/System/Library/Frameworks/CoreServices.framework/Versions/A/Frameworks/SharedFileList.framework/Versions/A/SharedFileList
0x00000000046d2000 	/System/Library/Frameworks/NetFS.framework/Versions/A/NetFS
0x00000000046d2000 	/System/Library/PrivateFrameworks/NetAuth.framework/Versions/A/NetAuth
0x00000000046d2000 	/System/Library/PrivateFrameworks/login.framework/Versions/A/Frameworks/loginsupport.framework/Versions/A/loginsupport
0x00000000046d2000 	/System/Library/PrivateFrameworks/TCC.framework/Versions/A/TCC
0x00000000046d2000 	/usr/lib/libmecabra.dylib
0x00000000046d2000 	/System/Library/Frameworks/ApplicationServices.framework/Versions/A/Frameworks/ATS.framework/Versions/A/ATS
0x00000000046d2000 	/System/Library/Frameworks/ApplicationServices.framework/Versions/A/Frameworks/ColorSync.framework/Versions/A/ColorSync
0x00000000046d2000 	/System/Library/Frameworks/ApplicationServices.framework/Versions/A/Frameworks/HIServices.framework/Versions/A/HIServices
0x00000000046d2000 	/System/Library/Frameworks/ApplicationServices.framework/Versions/A/Frameworks/LangAnalysis.framework/Versions/A/LangAnalysis
0x00000000046d2000 	/System/Library/Frameworks/ApplicationServices.framework/Versions/A/Frameworks/PrintCore.framework/Versions/A/PrintCore
0x00000000046d2000 	/System/Library/Frameworks/ApplicationServices.framework/Versions/A/Frameworks/QD.framework/Versions/A/QD
0x00000000046d2000 	/System/Library/Frameworks/ApplicationServices.framework/Versions/A/Frameworks/SpeechSynthesis.framework/Versions/A/SpeechSynthesis
0x00000000046d2000 	/System/Library/Frameworks/Metal.framework/Versions/A/Metal
0x00000000046d2000 	/System/Library/Frameworks/Accelerate.framework/Versions/A/Frameworks/vImage.framework/Versions/A/vImage
0x00000000046d2000 	/System/Library/Frameworks/Accelerate.framework/Versions/A/Frameworks/vecLib.framework/Versions/A/vecLib
0x00000000046d2000 	/System/Library/Frameworks/Accelerate.framework/Versions/A/Frameworks/vecLib.framework/Versions/A/libvDSP.dylib
0x00000000046d2000 	/System/Library/Frameworks/Accelerate.framework/Versions/A/Frameworks/vecLib.framework/Versions/A/libvMisc.dylib
0x00000000046d2000 	/System/Library/Frameworks/Accelerate.framework/Versions/A/Frameworks/vecLib.framework/Versions/A/libLAPACK.dylib
0x00000000046d2000 	/System/Library/Frameworks/Accelerate.framework/Versions/A/Frameworks/vecLib.framework/Versions/A/libBLAS.dylib
0x00000000046d2000 	/System/Library/Frameworks/Accelerate.framework/Versions/A/Frameworks/vecLib.framework/Versions/A/libLinearAlgebra.dylib
0x00000000046d2000 	/System/Library/Frameworks/Accelerate.framework/Versions/A/Frameworks/vecLib.framework/Versions/A/libSparseBLAS.dylib
0x00000000046d2000 	/System/Library/PrivateFrameworks/GPUCompiler.framework/libmetal_timestamp.dylib
0x00000000046d2000 	/System/Library/Frameworks/OpenGL.framework/Versions/A/Libraries/libCoreFSCache.dylib
0x00000000046d2000 	/System/Library/PrivateFrameworks/IOAccelerator.framework/Versions/A/IOAccelerator
0x00000000046d2000 	/System/Library/Frameworks/ApplicationServices.framework/Versions/A/Frameworks/ATS.framework/Versions/A/Resources/libFontParser.dylib
0x00000000046d2000 	/System/Library/Frameworks/ApplicationServices.framework/Versions/A/Frameworks/ATS.framework/Versions/A/Resources/libFontRegistry.dylib
0x00000000046d2000 	/System/Library/PrivateFrameworks/AppleVPA.framework/Versions/A/AppleVPA
0x00000000046d2000 	/System/Library/PrivateFrameworks/AppleJPEG.framework/Versions/A/AppleJPEG
0x00000000046d2000 	/System/Library/Frameworks/ImageIO.framework/Versions/A/Resources/libJPEG.dylib
0x00000000046d2000 	/System/Library/Frameworks/ImageIO.framework/Versions/A/Resources/libTIFF.dylib
0x00000000046d2000 	/System/Library/Frameworks/ImageIO.framework/Versions/A/Resources/libPng.dylib
0x00000000046d2000 	/System/Library/Frameworks/ImageIO.framework/Versions/A/Resources/libGIF.dylib
0x00000000046d2000 	/System/Library/Frameworks/ImageIO.framework/Versions/A/Resources/libJP2.dylib
0x00000000046d2000 	/System/Library/Frameworks/ImageIO.framework/Versions/A/Resources/libRadiance.dylib
0x00000000046d2000 	/System/Library/Frameworks/CoreVideo.framework/Versions/A/CoreVideo
0x00000000046d2000 	/System/Library/Frameworks/OpenGL.framework/Versions/A/Libraries/libGLU.dylib
0x00000000046d2000 	/System/Library/Frameworks/OpenGL.framework/Versions/A/Libraries/libGFXShared.dylib
0x00000000046d2000 	/System/Library/Frameworks/OpenGL.framework/Versions/A/Libraries/libGL.dylib
0x00000000046d2000 	/System/Library/Frameworks/OpenGL.framework/Versions/A/Libraries/libGLImage.dylib
0x00000000046d2000 	/System/Library/Frameworks/OpenGL.framework/Versions/A/Libraries/libCVMSPluginSupport.dylib
0x00000000046d2000 	/System/Library/Frameworks/OpenGL.framework/Versions/A/Libraries/libCoreVMClient.dylib
0x00000000046d2000 	/usr/lib/libcups.2.dylib
0x00000000046d2000 	/System/Library/Frameworks/Kerberos.framework/Versions/A/Kerberos
0x00000000046d2000 	/System/Library/Frameworks/GSS.framework/Versions/A/GSS
0x00000000046d2000 	/usr/lib/libresolv.9.dylib
0x00000000046d2000 	/usr/lib/libiconv.2.dylib
0x00000000046d2000 	/System/Library/PrivateFrameworks/Heimdal.framework/Versions/A/Heimdal
0x00000000046d2000 	/usr/lib/libheimdal-asn1.dylib
0x00000000046d2000 	/System/Library/Frameworks/OpenDirectory.framework/Versions/A/OpenDirectory
0x00000000046d2000 	/System/Library/PrivateFrameworks/CommonAuth.framework/Versions/A/CommonAuth
0x00000000046d2000 	/System/Library/Frameworks/OpenDirectory.framework/Versions/A/Frameworks/CFOpenDirectory.framework/Versions/A/CFOpenDirectory
0x00000000046d2000 	/System/Library/Frameworks/SecurityFoundation.framework/Versions/A/SecurityFoundation
0x00000000046d2000 	/System/Library/PrivateFrameworks/LanguageModeling.framework/Versions/A/LanguageModeling
0x00000000046d2000 	/usr/lib/libmarisa.dylib
0x00000000046d2000 	/usr/lib/libChineseTokenizer.dylib
0x00000000046d2000 	/usr/lib/libcmph.dylib
0x00000000046d2000 	/usr/lib/libcompression.dylib
0x00000000046d2000 	/System/Library/Frameworks/ServiceManagement.framework/Versions/A/ServiceManagement
0x00000000046d2000 	/usr/lib/libxslt.1.dylib
0x00000000046d2000 	/System/Library/Frameworks/Carbon.framework/Versions/A/Frameworks/Ink.framework/Versions/A/Ink
0x00000000046d2000 	/usr/lib/libFosl_dynamic.dylib
0x00000000046d2000 	/System/Library/PrivateFrameworks/FaceCore.framework/Versions/A/FaceCore
0x00000000046d2000 	/System/Library/Frameworks/OpenCL.framework/Versions/A/OpenCL
0x00000000046d2000 	/System/Library/PrivateFrameworks/CrashReporterSupport.framework/Versions/A/CrashReporterSupport
0x00000000046d2000 	/System/Library/PrivateFrameworks/IconServices.framework/Versions/A/IconServices
0x00000000046d2000 	/System/Library/PrivateFrameworks/Apple80211.framework/Versions/A/Apple80211
0x00000000046d2000 	/System/Library/Frameworks/CoreWLAN.framework/Versions/A/CoreWLAN
0x00000000046d2000 	/System/Library/Frameworks/IOBluetooth.framework/Versions/A/IOBluetooth
0x00000000046d2000 	/System/Library/PrivateFrameworks/CoreWiFi.framework/Versions/A/CoreWiFi
0x00000000046d2000 	/System/Library/Frameworks/CoreBluetooth.framework/Versions/A/CoreBluetooth
0x00000000046d2000 	/System/Library/PrivateFrameworks/ChunkingLibrary.framework/Versions/A/ChunkingLibrary
0x00000000046d2000 	/System/Library/PrivateFrameworks/DebugSymbols.framework/Versions/A/DebugSymbols
0x00000000046d2000 	/System/Library/PrivateFrameworks/CoreSymbolication.framework/Versions/A/CoreSymbolication
0x00000000046d2000 	/System/Library/PrivateFrameworks/Symbolication.framework/Versions/A/Symbolication
0x00000000046d2000 	/System/Library/PrivateFrameworks/SpeechRecognitionCore.framework/Versions/A/SpeechRecognitionCore
0x000000010261f000 	/System/Library/CoreServices/Encodings/libSimplifiedChineseConverter.dylib
0x0000000102663000 	/Library/Java/JavaVirtualMachines/jdk1.8.0_40.jdk/Contents/Home/jre/lib/server/libjvm.dylib
0x00000000046d2000 	/usr/lib/libstdc++.6.dylib
0x00000001035cc000 	/Library/Java/JavaVirtualMachines/jdk1.8.0_40.jdk/Contents/Home/jre/lib/libverify.dylib
0x00000001035da000 	/Library/Java/JavaVirtualMachines/jdk1.8.0_40.jdk/Contents/Home/jre/lib/libjava.dylib
0x0000000103619000 	/Library/Java/JavaVirtualMachines/jdk1.8.0_40.jdk/Contents/Home/jre/lib/libzip.dylib
0x0000000117225000 	/System/Library/Frameworks/JavaVM.framework/Frameworks/JavaRuntimeSupport.framework/JavaRuntimeSupport
0x0000000117240000 	/System/Library/Frameworks/JavaVM.framework/Versions/A/Frameworks/JavaNativeFoundation.framework/Versions/A/JavaNativeFoundation
0x0000000117255000 	/System/Library/Frameworks/JavaVM.framework/Versions/A/JavaVM
0x00000000046d2000 	/System/Library/Frameworks/Carbon.framework/Versions/A/Carbon
0x0000000117262000 	/System/Library/PrivateFrameworks/JavaLaunching.framework/Versions/A/JavaLaunching
0x00000000046d2000 	/System/Library/Frameworks/Carbon.framework/Versions/A/Frameworks/CommonPanels.framework/Versions/A/CommonPanels
0x00000000046d2000 	/System/Library/Frameworks/Carbon.framework/Versions/A/Frameworks/Help.framework/Versions/A/Help
0x00000000046d2000 	/System/Library/Frameworks/Carbon.framework/Versions/A/Frameworks/ImageCapture.framework/Versions/A/ImageCapture
0x00000000046d2000 	/System/Library/Frameworks/Carbon.framework/Versions/A/Frameworks/OpenScripting.framework/Versions/A/OpenScripting
0x00000000046d2000 	/System/Library/Frameworks/Carbon.framework/Versions/A/Frameworks/Print.framework/Versions/A/Print
0x00000000046d2000 	/System/Library/Frameworks/Carbon.framework/Versions/A/Frameworks/SecurityHI.framework/Versions/A/SecurityHI
0x0000000118d30000 	/Library/Java/JavaVirtualMachines/jdk1.8.0_40.jdk/Contents/Home/jre/lib/libnet.dylib
0x0000000118d8f000 	/Library/Java/JavaVirtualMachines/jdk1.8.0_40.jdk/Contents/Home/jre/lib/libnio.dylib
0x0000000118d9f000 	/Users/shakugan/.gradle/native/19/osx-amd64/libnative-platform.dylib
0x0000000118e39000 	/Library/Java/JavaVirtualMachines/jdk1.8.0_40.jdk/Contents/Home/jre/lib/libmanagement.dylib
0x0000000118f10000 	/Library/Java/JavaVirtualMachines/jdk1.8.0_40.jdk/Contents/Home/jre/lib/libsunec.dylib

VM Arguments:
jvm_args: -XX:MaxPermSize=256m -XX:+HeapDumpOnOutOfMemoryError -Xmx1024m -Dfile.encoding=UTF-8 -Duser.country=CN -Duser.language=zh -Duser.variant 
java_command: org.gradle.launcher.daemon.bootstrap.GradleDaemon 2.4 /Users/shakugan/.gradle /Users/shakugan/.gradle/daemon 10800000 67e8eacf-2a74-498b-840d-61112f5624ad -XX:MaxPermSize=256m -XX:+HeapDumpOnOutOfMemoryError -Xmx1024m -Dfile.encoding=UTF-8 -Duser.country=CN -Duser.language=zh -Duser.variant
java_class_path (initial): /Applications/Android Studio.app/Contents/gradle/gradle-2.4/lib/gradle-launcher-2.4.jar
Launcher Type: SUN_STANDARD

Environment Variables:
PATH=/usr/bin:/bin:/usr/sbin:/sbin
SHELL=/bin/bash

Signal Handlers:
SIGSEGV: [libjvm.dylib+0x58ef95], sa_mask[0]=11111111011111110111111111111111, sa_flags=SA_ONSTACK|SA_RESTART|SA_SIGINFO
SIGBUS: [libjvm.dylib+0x58ef95], sa_mask[0]=11111111011111110111111111111111, sa_flags=SA_RESTART|SA_SIGINFO
SIGFPE: [libjvm.dylib+0x46c118], sa_mask[0]=11111111011111110111111111111111, sa_flags=SA_RESTART|SA_SIGINFO
SIGPIPE: [libjvm.dylib+0x46c118], sa_mask[0]=11111111011111110111111111111111, sa_flags=SA_RESTART|SA_SIGINFO
SIGXFSZ: [libjvm.dylib+0x46c118], sa_mask[0]=11111111011111110111111111111111, sa_flags=SA_RESTART|SA_SIGINFO
SIGILL: [libjvm.dylib+0x46c118], sa_mask[0]=11111111011111110111111111111111, sa_flags=SA_RESTART|SA_SIGINFO
SIGUSR1: SIG_DFL, sa_mask[0]=00000000000000000000000000000000, sa_flags=none
SIGUSR2: [libjvm.dylib+0x46bc36], sa_mask[0]=00100000000000000000000000000000, sa_flags=SA_RESTART|SA_SIGINFO
SIGHUP: [libjvm.dylib+0x46a209], sa_mask[0]=11111111011111110111111111111111, sa_flags=SA_RESTART|SA_SIGINFO
SIGINT: [libjvm.dylib+0x46a209], sa_mask[0]=11111111011111110111111111111111, sa_flags=SA_RESTART|SA_SIGINFO
SIGTERM: [libjvm.dylib+0x46a209], sa_mask[0]=11111111011111110111111111111111, sa_flags=SA_RESTART|SA_SIGINFO
SIGQUIT: [libjvm.dylib+0x46a209], sa_mask[0]=11111111011111110111111111111111, sa_flags=SA_RESTART|SA_SIGINFO


---------------  S Y S T E M  ---------------

OS:Bsduname:Darwin 15.0.0 Darwin Kernel Version 15.0.0: Wed Aug 26 16:57:32 PDT 2015; root:xnu-3247.1.106~1/RELEASE_X86_64 x86_64
rlimit: STACK 8192k, CORE 0k, NPROC 709, NOFILE 10240, AS infinity
load average:1.65 2.01 2.21

CPU:total 4 (2 cores per cpu, 2 threads per core) family 6 model 60 stepping 3, cmov, cx8, fxsr, mmx, sse, sse2, sse3, ssse3, sse4.1, sse4.2, popcnt, avx, avx2, aes, clmul, erms, lzcnt, ht, tsc, tscinvbit, bmi1, bmi2

Memory: 4k page, physical 8388608k(1823644k free)

/proc/meminfo:


vm_info: Java HotSpot(TM) 64-Bit Server VM (25.40-b25) for bsd-amd64 JRE (1.8.0_40-b27), built on Mar 13 2015 04:46:52 by "java_re" with gcc 4.2.1 (Based on Apple Inc. build 5658) (LLVM build 2336.11.00)

time: Thu Oct 15 14:22:16 2015
elapsed time: 2639 seconds (0d 0h 43m 59s)

